2020-12-09 11:26:10,882 接口测试 ERROR 返回结果错误！状态码不为2000
2020-12-09 11:26:10,894 接口测试 ERROR not login
2020-12-09 11:34:24,098 接口测试 ERROR 返回结果错误！状态码不为2000
2020-12-09 11:34:24,098 接口测试 ERROR not login
2020-12-09 12:36:37,449 接口测试 ERROR 返回结果错误！状态码不为2000
2020-12-09 12:36:37,449 接口测试 ERROR not login
2020-12-09 12:37:03,060 接口测试 ERROR 返回结果错误！状态码不为2000
2020-12-09 12:37:03,062 接口测试 ERROR verify code error
2020-12-09 12:37:40,195 接口测试 ERROR 返回结果错误！状态码不为2000
2020-12-09 12:37:40,196 接口测试 ERROR verify code error
2020-12-09 14:09:36,706 接口间数据传递 ERROR @idcardNumber
2020-12-09 14:09:36,708 接口间数据传递 ERROR 'bool' object is not subscriptable
2020-12-09 14:15:32,186 接口间数据传递 ERROR idcardNumber
2020-12-09 14:19:30,547 接口测试 ERROR 返回结果错误！状态码不为2000
2020-12-09 14:19:30,548 接口测试 ERROR verify code error
2020-12-09 14:19:39,848 接口测试 ERROR 返回结果错误！状态码不为2000
2020-12-09 14:19:39,849 接口测试 ERROR verify code error
2020-12-09 16:33:02,922 接口间数据传递 ERROR idcardNumber
2020-12-09 16:33:02,922 接口间数据传递 ERROR string indices must be integers
2020-12-09 16:48:49,804 接口测试 ERROR 返回结果错误！状态码不为2000
2020-12-09 16:48:49,805 接口测试 ERROR 参数格式有误
2020-12-09 20:12:11,273 接口测试 ERROR 返回结果错误！状态码不为2000
2020-12-09 20:12:11,273 接口测试 ERROR 参数格式有误
2020-12-09 20:13:16,396 接口测试 ERROR 返回结果错误！状态码不为2000
2020-12-09 20:13:16,396 接口测试 ERROR 参数格式有误
2020-12-09 20:14:20,820 接口测试 ERROR 返回结果错误！状态码不为2000
2020-12-09 20:14:20,821 接口测试 ERROR 参数格式有误
2020-12-09 20:20:01,545 接口测试 ERROR 返回结果错误！状态码不为2000
2020-12-09 20:20:01,545 接口测试 ERROR 参数格式有误
