2020-10-08 08:58:08,203 接口测试 ERROR 返回结果错误！状态码不为2000
2020-10-08 08:58:08,204 接口测试 ERROR 系统异常，请联系管理员。
2020-10-08 08:58:09,677 接口测试 ERROR 返回结果错误！状态码不为2000
2020-10-08 08:58:09,677 接口测试 ERROR 系统异常，请联系管理员。
2020-10-08 08:58:09,807 接口测试 ERROR 返回结果错误！状态码不为2000
2020-10-08 08:58:09,808 接口测试 ERROR 禁止重复提交数据
2020-10-08 08:58:09,944 接口测试 ERROR 返回结果错误！状态码不为2000
2020-10-08 08:58:09,944 接口测试 ERROR 禁止重复提交数据
2020-10-08 08:58:10,067 接口测试 ERROR 返回结果错误！状态码不为2000
2020-10-08 08:58:10,067 接口测试 ERROR 禁止重复提交数据
2020-10-08 09:04:47,042 接口测试 ERROR 返回结果错误！状态码不为2000
2020-10-08 09:04:47,044 接口测试 ERROR 系统异常，请联系管理员。
2020-10-08 09:07:34,408 接口测试 ERROR 返回结果错误！状态码不为2000
2020-10-08 09:07:34,409 接口测试 ERROR 系统异常，请联系管理员。
2020-10-08 09:08:36,857 接口测试 ERROR 返回结果错误！状态码不为2000
2020-10-08 09:08:36,857 接口测试 ERROR 系统异常，请联系管理员。
2020-10-08 09:23:42,475 接口测试 ERROR 返回结果错误！状态码不为2000
2020-10-08 09:23:42,476 接口测试 ERROR 系统异常，请联系管理员。
2020-10-08 09:23:42,761 【结果比对失败】 ERROR json1 或者 json2数据为空
2020-10-08 09:26:07,913 接口测试 ERROR 返回结果错误！状态码不为2000
2020-10-08 09:26:07,913 接口测试 ERROR 系统异常，请联系管理员。
2020-10-08 09:26:45,443 接口测试 ERROR 返回结果错误！状态码不为2000
2020-10-08 09:26:45,443 接口测试 ERROR 系统异常，请联系管理员。
2020-10-08 09:28:21,333 接口测试 ERROR 返回结果错误！状态码不为2000
2020-10-08 09:28:21,333 接口测试 ERROR 系统异常，请联系管理员。
2020-10-08 09:28:21,613 【结果比对失败】 ERROR json1 或者 json2数据为空
2020-10-08 09:28:22,764 接口测试 ERROR 返回结果错误！状态码不为2000
2020-10-08 09:28:22,764 接口测试 ERROR 系统异常，请联系管理员。
2020-10-08 09:28:22,887 接口测试 ERROR 返回结果错误！状态码不为2000
2020-10-08 09:28:22,888 接口测试 ERROR 禁止重复提交数据
2020-10-08 09:28:23,020 接口测试 ERROR 返回结果错误！状态码不为2000
2020-10-08 09:28:23,020 接口测试 ERROR 禁止重复提交数据
2020-10-08 09:28:23,147 接口测试 ERROR 返回结果错误！状态码不为2000
2020-10-08 09:28:23,147 接口测试 ERROR 禁止重复提交数据
2020-10-08 10:02:46,683 接口测试 ERROR 返回结果错误！状态码不为2000
2020-10-08 10:02:46,683 接口测试 ERROR 系统异常，请联系管理员。
2020-10-08 10:10:24,658 接口测试 ERROR 返回结果错误！状态码不为2000
2020-10-08 10:10:24,658 接口测试 ERROR 系统异常，请联系管理员。
2020-10-08 10:11:32,061 接口测试 ERROR 返回结果错误！状态码不为2000
2020-10-08 10:11:32,062 接口测试 ERROR 系统异常，请联系管理员。
2020-10-08 12:57:57,954 接口测试 ERROR 返回结果错误！状态码不为2000
2020-10-08 12:57:57,955 接口测试 ERROR 系统异常，请联系管理员。
2020-10-08 12:58:47,685 接口测试 ERROR 返回结果错误！状态码不为2000
2020-10-08 12:58:47,685 接口测试 ERROR 系统异常，请联系管理员。
2020-10-08 12:59:17,481 接口测试 ERROR 返回结果错误！状态码不为2000
2020-10-08 12:59:17,482 接口测试 ERROR 系统异常，请联系管理员。
2020-10-08 13:01:02,646 接口测试 ERROR 返回结果错误！状态码不为2000
2020-10-08 13:01:02,646 接口测试 ERROR 系统异常，请联系管理员。
2020-10-08 13:01:02,919 结果比对失败： ERROR 键值对is_sician  1 != 0
2020-10-08 16:01:58,187 接口测试 ERROR 返回结果错误！状态码不为2000
2020-10-08 16:01:58,188 接口测试 ERROR 系统异常，请联系管理员。
2020-10-08 16:01:58,458 数据库查询结果： ERROR 数据库查询结果为空
2020-10-08 16:04:26,482 接口测试 ERROR 返回结果错误！状态码不为2000
2020-10-08 16:04:26,482 接口测试 ERROR 系统异常，请联系管理员。
2020-10-08 16:04:34,779 数据库查询结果： ERROR 数据库查询结果为空
2020-10-08 16:05:26,024 接口测试 ERROR 返回结果错误！状态码不为2000
2020-10-08 16:05:26,024 接口测试 ERROR 系统异常，请联系管理员。
2020-10-08 16:05:26,300 数据库查询结果： ERROR 数据库查询结果为空
2020-10-08 16:05:26,302 【结果比对失败】 ERROR json1 或者 json2数据为空
2020-10-08 16:10:57,783 接口测试 ERROR 返回结果错误！状态码不为2000
2020-10-08 16:10:57,783 接口测试 ERROR 系统异常，请联系管理员。
2020-10-08 16:10:58,066 数据库查询结果： ERROR 数据库查询结果为空
2020-10-08 16:10:58,067 【结果比对失败】 ERROR json1 或者 json2数据为空
2020-10-08 22:33:07,976 接口测试 ERROR 返回结果错误！状态码不为2000
2020-10-08 22:33:07,978 接口测试 ERROR 系统异常，请联系管理员。
2020-10-08 22:33:49,291 接口测试 ERROR 返回结果错误！状态码不为2000
2020-10-08 22:33:49,292 接口测试 ERROR 未查询到该居民在公共卫生中的有效健康档案 ，请到【档案管理――健康档案】模块新增档案
2020-10-08 22:34:08,529 接口测试 ERROR 返回结果错误！状态码不为2000
2020-10-08 22:34:08,530 接口测试 ERROR 未查询到该居民在公共卫生中的有效健康档案 ，请到【档案管理――健康档案】模块新增档案
2020-10-08 22:38:02,853 接口测试 ERROR 返回结果错误！状态码不为2000
2020-10-08 22:38:02,853 接口测试 ERROR 未查询到该居民在公共卫生中的有效健康档案 ，请到【档案管理――健康档案】模块新增档案
2020-10-08 22:38:18,484 接口测试 ERROR 返回结果错误！状态码不为2000
2020-10-08 22:38:18,485 接口测试 ERROR 未查询到该居民在公共卫生中的有效健康档案 ，请到【档案管理――健康档案】模块新增档案
2020-10-08 22:43:10,881 接口测试 ERROR 返回结果错误！状态码不为2000
2020-10-08 22:43:10,881 接口测试 ERROR 未查询到该居民在公共卫生中的有效健康档案 ，请到【档案管理――健康档案】模块新增档案
2020-10-08 22:43:10,882 /app-publichealth/familySicianServer/recordByInput ERROR 接口返回结果错误！
2020-10-08 22:45:29,702 接口测试 ERROR 返回结果错误！状态码不为2000
2020-10-08 22:45:29,703 接口测试 ERROR 未查询到该居民在公共卫生中的有效健康档案 ，请到【档案管理――健康档案】模块新增档案
2020-10-08 22:45:29,703 /app-publichealth/familySicianServer/recordByInput ERROR 接口返回结果错误！
2020-10-08 22:46:26,686 接口测试 ERROR 返回结果错误！状态码不为2000
2020-10-08 22:46:26,687 接口测试 ERROR 未查询到该居民在公共卫生中的有效健康档案 ，请到【档案管理――健康档案】模块新增档案
2020-10-08 22:46:26,688 /app-publichealth/familySicianServer/recordByInput ERROR 接口返回结果错误！
2020-10-08 22:48:19,413 接口测试 ERROR 返回结果错误！状态码不为2000
2020-10-08 22:48:19,413 接口测试 ERROR 未查询到该居民在公共卫生中的有效健康档案 ，请到【档案管理――健康档案】模块新增档案
2020-10-08 22:48:19,414 /app-publichealth/familySicianServer/recordByInput ERROR 接口返回结果错误！
2020-10-08 22:48:19,863 数据库查询结果： ERROR 数据库查询结果为空
2020-10-08 22:48:19,864 【结果比对失败】 ERROR json1 或者 json2数据为空
2020-10-08 22:48:42,274 接口测试 ERROR 返回结果错误！状态码不为2000
2020-10-08 22:48:42,275 接口测试 ERROR 未查询到该居民在公共卫生中的有效健康档案 ，请到【档案管理――健康档案】模块新增档案
2020-10-08 22:48:42,275 /app-publichealth/familySicianServer/recordByInput ERROR 接口返回结果错误！
2020-10-08 22:48:42,535 数据库查询结果： ERROR 数据库查询结果为空
2020-10-08 22:48:42,537 【结果比对失败】 ERROR json1 或者 json2数据为空
2020-10-08 22:50:41,446 接口测试 ERROR 返回结果错误！状态码不为2000
2020-10-08 22:50:41,446 接口测试 ERROR 未查询到该居民在公共卫生中的有效健康档案 ，请到【档案管理――健康档案】模块新增档案
2020-10-08 22:50:41,447 /app-publichealth/familySicianServer/recordByInput ERROR 接口返回结果错误！
2020-10-08 22:51:48,531 接口测试 ERROR 返回结果错误！状态码不为2000
2020-10-08 22:51:48,531 接口测试 ERROR 未查询到该居民在公共卫生中的有效健康档案 ，请到【档案管理――健康档案】模块新增档案
2020-10-08 22:51:48,532 /app-publichealth/familySicianServer/recordByInput ERROR 接口返回结果错误！
2020-10-08 23:02:28,489 接口测试 ERROR 返回结果错误！状态码不为2000
2020-10-08 23:02:28,489 接口测试 ERROR 系统异常，请联系管理员。
2020-10-08 23:03:42,270 接口测试 ERROR 返回结果错误！状态码不为2000
2020-10-08 23:03:42,270 接口测试 ERROR 系统异常，请联系管理员。
2020-10-08 23:07:04,689 接口测试 ERROR 返回结果错误！状态码不为2000
2020-10-08 23:07:04,689 接口测试 ERROR 系统异常，请联系管理员。
