2020-12-22 16:30:06,178 接口测试 ERROR 返回结果错误！状态码不为2000
2020-12-22 16:30:06,180 接口测试 ERROR 该身份证已存在个人档案
2020-12-22 16:47:26,423 接口间数据传递 ERROR idcardNumbe
2020-12-22 16:47:26,424 接口间数据传递 ERROR 'idcardNumbe'
2020-12-22 16:47:31,187 接口测试 ERROR 返回结果错误！状态码不为2000
2020-12-22 16:47:31,187 接口测试 ERROR 该病人已存在高血压档案,不能建高血压高危人群档案
2020-12-22 16:47:32,071 接口测试 ERROR 返回结果错误！状态码不为2000
2020-12-22 16:47:32,072 接口测试 ERROR 该身份证已存在个人档案
2020-12-22 16:47:33,156 接口测试 ERROR 返回结果错误！状态码不为2000
2020-12-22 16:47:33,168 接口测试 ERROR 该身份证已存在个人档案
2020-12-22 16:47:34,168 接口测试 ERROR 返回结果错误！状态码不为2000
2020-12-22 16:47:34,168 接口测试 ERROR 该身份证已存在个人档案
2020-12-22 16:47:34,789 接口间数据传递 ERROR idcardNumbe
2020-12-22 16:47:34,789 接口间数据传递 ERROR 'idcardNumbe'
2020-12-22 16:47:36,095 接口测试 ERROR 返回结果错误！状态码不为2000
2020-12-22 16:47:36,095 接口测试 ERROR 该身份证已存在高血压档案
2020-12-22 16:47:37,067 接口测试 ERROR 返回结果错误！状态码不为2000
2020-12-22 16:47:37,067 接口测试 ERROR 该病人已存在糖尿病高危人群档案,不能新建档案
2020-12-22 16:47:37,984 接口测试 ERROR 返回结果错误！状态码不为2000
2020-12-22 16:47:37,984 接口测试 ERROR 该病人已存在高血压档案,不能建高血压高危人群档案
2020-12-22 16:47:39,644 接口测试 ERROR 返回结果错误！状态码不为2000
2020-12-22 16:47:39,644 接口测试 ERROR 该身份证已存在个人档案
2020-12-22 16:47:41,344 接口测试 ERROR 返回结果错误！状态码不为2000
2020-12-22 16:47:41,344 接口测试 ERROR 该身份证已存在个人档案
2020-12-22 16:47:42,514 接口测试 ERROR 返回结果错误！状态码不为2000
2020-12-22 16:47:42,515 接口测试 ERROR 该身份证已存在个人档案
2020-12-22 16:47:43,114 接口间数据传递 ERROR idcardNumbe
2020-12-22 16:47:43,114 接口间数据传递 ERROR 'idcardNumbe'
2020-12-22 16:47:44,495 接口测试 ERROR 返回结果错误！状态码不为2000
2020-12-22 16:47:44,495 接口测试 ERROR 该身份证已存在高血压档案
2020-12-22 16:47:45,436 接口测试 ERROR 返回结果错误！状态码不为2000
2020-12-22 16:47:45,436 接口测试 ERROR 该病人已存在糖尿病高危人群档案,不能新建档案
2020-12-22 16:47:46,370 接口测试 ERROR 返回结果错误！状态码不为2000
2020-12-22 16:47:46,370 接口测试 ERROR 该病人已存在高血压档案,不能建高血压高危人群档案
2020-12-22 16:47:47,378 接口测试 ERROR 返回结果错误！状态码不为2000
2020-12-22 16:47:47,378 接口测试 ERROR 该身份证已存在个人档案
2020-12-22 16:47:48,439 接口测试 ERROR 返回结果错误！状态码不为2000
2020-12-22 16:47:48,439 接口测试 ERROR 该身份证已存在个人档案
2020-12-22 16:47:49,471 接口测试 ERROR 返回结果错误！状态码不为2000
2020-12-22 16:47:49,471 接口测试 ERROR 该身份证已存在个人档案
2020-12-22 16:47:50,116 接口间数据传递 ERROR idcardNumbe
2020-12-22 16:47:50,116 接口间数据传递 ERROR 'idcardNumbe'
2020-12-22 16:47:51,332 接口测试 ERROR 返回结果错误！状态码不为2000
2020-12-22 16:47:51,332 接口测试 ERROR 该身份证已存在高血压档案
2020-12-22 16:47:52,233 接口测试 ERROR 返回结果错误！状态码不为2000
2020-12-22 16:47:52,233 接口测试 ERROR 该病人已存在糖尿病高危人群档案,不能新建档案
2020-12-22 16:47:53,101 接口测试 ERROR 返回结果错误！状态码不为2000
2020-12-22 16:47:53,102 接口测试 ERROR 该病人已存在高血压档案,不能建高血压高危人群档案
2020-12-22 16:47:54,152 接口测试 ERROR 返回结果错误！状态码不为2000
2020-12-22 16:47:54,153 接口测试 ERROR 该身份证已存在个人档案
2020-12-22 16:47:55,075 接口测试 ERROR 返回结果错误！状态码不为2000
2020-12-22 16:47:55,075 接口测试 ERROR 该身份证已存在个人档案
2020-12-22 16:47:56,107 接口测试 ERROR 返回结果错误！状态码不为2000
2020-12-22 16:47:56,107 接口测试 ERROR 该身份证已存在个人档案
2020-12-22 16:47:56,779 接口间数据传递 ERROR idcardNumbe
2020-12-22 16:47:56,780 接口间数据传递 ERROR 'idcardNumbe'
2020-12-22 16:47:58,081 接口测试 ERROR 返回结果错误！状态码不为2000
2020-12-22 16:47:58,081 接口测试 ERROR 该身份证已存在高血压档案
2020-12-22 16:47:59,071 接口测试 ERROR 返回结果错误！状态码不为2000
2020-12-22 16:47:59,071 接口测试 ERROR 该病人已存在糖尿病高危人群档案,不能新建档案
2020-12-22 16:48:00,008 接口测试 ERROR 返回结果错误！状态码不为2000
2020-12-22 16:48:00,009 接口测试 ERROR 该病人已存在高血压档案,不能建高血压高危人群档案
2020-12-22 16:48:00,915 接口测试 ERROR 返回结果错误！状态码不为2000
2020-12-22 16:48:00,916 接口测试 ERROR 该身份证已存在个人档案
2020-12-22 16:48:01,801 接口测试 ERROR 返回结果错误！状态码不为2000
2020-12-22 16:48:01,801 接口测试 ERROR 该身份证已存在个人档案
2020-12-22 16:48:02,794 接口测试 ERROR 返回结果错误！状态码不为2000
2020-12-22 16:48:02,794 接口测试 ERROR 该身份证已存在个人档案
2020-12-22 16:48:03,454 接口间数据传递 ERROR idcardNumbe
2020-12-22 16:48:03,455 接口间数据传递 ERROR 'idcardNumbe'
2020-12-22 16:48:04,870 接口测试 ERROR 返回结果错误！状态码不为2000
2020-12-22 16:48:04,870 接口测试 ERROR 该身份证已存在高血压档案
2020-12-22 16:48:05,734 接口测试 ERROR 返回结果错误！状态码不为2000
2020-12-22 16:48:05,734 接口测试 ERROR 该病人已存在糖尿病高危人群档案,不能新建档案
2020-12-22 16:48:06,665 接口测试 ERROR 返回结果错误！状态码不为2000
2020-12-22 16:48:06,666 接口测试 ERROR 该病人已存在高血压档案,不能建高血压高危人群档案
2020-12-22 16:48:08,173 结果比对失败： ERROR 字典长度不相等
2020-12-22 16:52:41,858 接口间数据传递 ERROR idcardNumbe
2020-12-22 16:52:41,858 接口间数据传递 ERROR 'idcardNumbe'
2020-12-22 16:52:46,377 接口测试 ERROR 返回结果错误！状态码不为2000
2020-12-22 16:52:46,377 接口测试 ERROR 该病人已存在高血压档案,不能建高血压高危人群档案
2020-12-22 16:52:47,292 接口测试 ERROR 返回结果错误！状态码不为2000
2020-12-22 16:52:47,292 接口测试 ERROR 该身份证已存在个人档案
2020-12-22 16:52:48,328 接口测试 ERROR 返回结果错误！状态码不为2000
2020-12-22 16:52:48,328 接口测试 ERROR 该身份证已存在个人档案
2020-12-22 16:52:49,379 接口测试 ERROR 返回结果错误！状态码不为2000
2020-12-22 16:52:49,379 接口测试 ERROR 该身份证已存在个人档案
2020-12-22 16:52:49,996 接口间数据传递 ERROR idcardNumbe
2020-12-22 16:52:49,997 接口间数据传递 ERROR 'idcardNumbe'
2020-12-22 16:52:51,353 接口测试 ERROR 返回结果错误！状态码不为2000
2020-12-22 16:52:51,353 接口测试 ERROR 该身份证已存在高血压档案
2020-12-22 16:52:52,359 接口测试 ERROR 返回结果错误！状态码不为2000
2020-12-22 16:52:52,359 接口测试 ERROR 该病人已存在糖尿病高危人群档案,不能新建档案
2020-12-22 16:52:53,227 接口测试 ERROR 返回结果错误！状态码不为2000
2020-12-22 16:52:53,228 接口测试 ERROR 该病人已存在高血压档案,不能建高血压高危人群档案
2020-12-22 16:52:54,188 接口测试 ERROR 返回结果错误！状态码不为2000
2020-12-22 16:52:54,188 接口测试 ERROR 该身份证已存在个人档案
2020-12-22 16:52:55,226 接口测试 ERROR 返回结果错误！状态码不为2000
2020-12-22 16:52:55,227 接口测试 ERROR 该身份证已存在个人档案
2020-12-22 16:52:56,328 接口测试 ERROR 返回结果错误！状态码不为2000
2020-12-22 16:52:56,328 接口测试 ERROR 该身份证已存在个人档案
2020-12-22 16:52:56,946 接口间数据传递 ERROR idcardNumbe
2020-12-22 16:52:56,946 接口间数据传递 ERROR 'idcardNumbe'
2020-12-22 16:52:58,244 接口测试 ERROR 返回结果错误！状态码不为2000
2020-12-22 16:52:58,244 接口测试 ERROR 该身份证已存在高血压档案
2020-12-22 16:52:59,196 接口测试 ERROR 返回结果错误！状态码不为2000
2020-12-22 16:52:59,196 接口测试 ERROR 该病人已存在糖尿病高危人群档案,不能新建档案
2020-12-22 16:53:00,044 接口测试 ERROR 返回结果错误！状态码不为2000
2020-12-22 16:53:00,044 接口测试 ERROR 该病人已存在高血压档案,不能建高血压高危人群档案
2020-12-22 16:53:01,185 接口测试 ERROR 返回结果错误！状态码不为2000
2020-12-22 16:53:01,185 接口测试 ERROR 该身份证已存在个人档案
2020-12-22 16:53:02,250 接口测试 ERROR 返回结果错误！状态码不为2000
2020-12-22 16:53:02,250 接口测试 ERROR 该身份证已存在个人档案
2020-12-22 16:53:03,279 接口测试 ERROR 返回结果错误！状态码不为2000
2020-12-22 16:53:03,280 接口测试 ERROR 该身份证已存在个人档案
2020-12-22 16:53:03,992 接口间数据传递 ERROR idcardNumbe
2020-12-22 16:53:03,992 接口间数据传递 ERROR 'idcardNumbe'
2020-12-22 16:53:05,168 接口测试 ERROR 返回结果错误！状态码不为2000
2020-12-22 16:53:05,168 接口测试 ERROR 该身份证已存在高血压档案
2020-12-22 16:53:06,129 接口测试 ERROR 返回结果错误！状态码不为2000
2020-12-22 16:53:06,130 接口测试 ERROR 该病人已存在糖尿病高危人群档案,不能新建档案
2020-12-22 16:53:07,093 接口测试 ERROR 返回结果错误！状态码不为2000
2020-12-22 16:53:07,093 接口测试 ERROR 该病人已存在高血压档案,不能建高血压高危人群档案
2020-12-22 16:53:08,054 接口测试 ERROR 返回结果错误！状态码不为2000
2020-12-22 16:53:08,055 接口测试 ERROR 该身份证已存在个人档案
2020-12-22 16:53:08,983 接口测试 ERROR 返回结果错误！状态码不为2000
2020-12-22 16:53:08,984 接口测试 ERROR 该身份证已存在个人档案
2020-12-22 16:53:09,878 接口测试 ERROR 返回结果错误！状态码不为2000
2020-12-22 16:53:09,878 接口测试 ERROR 该身份证已存在个人档案
2020-12-22 16:53:10,498 接口间数据传递 ERROR idcardNumbe
2020-12-22 16:53:10,498 接口间数据传递 ERROR 'idcardNumbe'
2020-12-22 16:53:11,959 接口测试 ERROR 返回结果错误！状态码不为2000
2020-12-22 16:53:11,960 接口测试 ERROR 该身份证已存在高血压档案
2020-12-22 16:53:12,840 接口测试 ERROR 返回结果错误！状态码不为2000
2020-12-22 16:53:12,840 接口测试 ERROR 该病人已存在糖尿病高危人群档案,不能新建档案
2020-12-22 16:53:13,741 接口测试 ERROR 返回结果错误！状态码不为2000
2020-12-22 16:53:13,742 接口测试 ERROR 该病人已存在高血压档案,不能建高血压高危人群档案
2020-12-22 16:53:14,623 接口测试 ERROR 返回结果错误！状态码不为2000
2020-12-22 16:53:14,623 接口测试 ERROR 该身份证已存在个人档案
2020-12-22 16:53:15,526 接口测试 ERROR 返回结果错误！状态码不为2000
2020-12-22 16:53:15,526 接口测试 ERROR 该身份证已存在个人档案
2020-12-22 16:53:16,569 接口测试 ERROR 返回结果错误！状态码不为2000
2020-12-22 16:53:16,569 接口测试 ERROR 该身份证已存在个人档案
2020-12-22 16:53:17,520 接口间数据传递 ERROR idcardNumbe
2020-12-22 16:53:17,520 接口间数据传递 ERROR 'idcardNumbe'
2020-12-22 16:53:19,655 接口测试 ERROR 返回结果错误！状态码不为2000
2020-12-22 16:53:19,655 接口测试 ERROR 该身份证已存在高血压档案
2020-12-22 16:53:20,769 接口测试 ERROR 返回结果错误！状态码不为2000
2020-12-22 16:53:20,769 接口测试 ERROR 该病人已存在糖尿病高危人群档案,不能新建档案
2020-12-22 16:53:21,856 接口测试 ERROR 返回结果错误！状态码不为2000
2020-12-22 16:53:21,857 接口测试 ERROR 该病人已存在高血压档案,不能建高血压高危人群档案
2020-12-22 16:53:23,322 结果比对失败： ERROR 字典长度不相等
2020-12-22 17:05:13,331 接口间数据传递 ERROR idcardNumbe
2020-12-22 17:05:13,332 接口间数据传递 ERROR 'idcardNumbe'
2020-12-22 17:05:19,195 接口测试 ERROR 返回结果错误！状态码不为2000
2020-12-22 17:05:19,195 接口测试 ERROR 该病人已存在高血压档案,不能建高血压高危人群档案
2020-12-22 17:05:20,341 接口测试 ERROR 返回结果错误！状态码不为2000
2020-12-22 17:05:20,342 接口测试 ERROR 该身份证已存在个人档案
2020-12-22 17:05:21,544 接口测试 ERROR 返回结果错误！状态码不为2000
2020-12-22 17:05:21,544 接口测试 ERROR 该身份证已存在个人档案
2020-12-22 17:05:22,653 接口测试 ERROR 返回结果错误！状态码不为2000
2020-12-22 17:05:22,653 接口测试 ERROR 该身份证已存在个人档案
2020-12-22 17:05:23,435 接口间数据传递 ERROR idcardNumbe
2020-12-22 17:05:23,436 接口间数据传递 ERROR 'idcardNumbe'
2020-12-22 17:05:25,107 接口测试 ERROR 返回结果错误！状态码不为2000
2020-12-22 17:05:25,108 接口测试 ERROR 该身份证已存在高血压档案
2020-12-22 17:05:26,015 接口测试 ERROR 返回结果错误！状态码不为2000
2020-12-22 17:05:26,015 接口测试 ERROR 该病人已存在糖尿病高危人群档案,不能新建档案
2020-12-22 17:05:26,880 接口测试 ERROR 返回结果错误！状态码不为2000
2020-12-22 17:05:26,880 接口测试 ERROR 该病人已存在高血压档案,不能建高血压高危人群档案
2020-12-22 17:05:27,772 接口测试 ERROR 返回结果错误！状态码不为2000
2020-12-22 17:05:27,772 接口测试 ERROR 该身份证已存在个人档案
2020-12-22 17:05:28,675 接口测试 ERROR 返回结果错误！状态码不为2000
2020-12-22 17:05:28,675 接口测试 ERROR 该身份证已存在个人档案
2020-12-22 17:05:29,662 接口测试 ERROR 返回结果错误！状态码不为2000
2020-12-22 17:05:29,662 接口测试 ERROR 该身份证已存在个人档案
2020-12-22 17:05:30,234 接口间数据传递 ERROR idcardNumbe
2020-12-22 17:05:30,234 接口间数据传递 ERROR 'idcardNumbe'
2020-12-22 17:05:31,570 接口测试 ERROR 返回结果错误！状态码不为2000
2020-12-22 17:05:31,570 接口测试 ERROR 该身份证已存在高血压档案
2020-12-22 17:05:32,464 接口测试 ERROR 返回结果错误！状态码不为2000
2020-12-22 17:05:32,464 接口测试 ERROR 该病人已存在糖尿病高危人群档案,不能新建档案
2020-12-22 17:05:33,356 接口测试 ERROR 返回结果错误！状态码不为2000
2020-12-22 17:05:33,356 接口测试 ERROR 该病人已存在高血压档案,不能建高血压高危人群档案
2020-12-22 17:05:34,419 接口测试 ERROR 返回结果错误！状态码不为2000
2020-12-22 17:05:34,419 接口测试 ERROR 该身份证已存在个人档案
2020-12-22 17:05:35,412 接口测试 ERROR 返回结果错误！状态码不为2000
2020-12-22 17:05:35,412 接口测试 ERROR 该身份证已存在个人档案
2020-12-22 17:05:36,383 接口测试 ERROR 返回结果错误！状态码不为2000
2020-12-22 17:05:36,383 接口测试 ERROR 该身份证已存在个人档案
2020-12-22 17:05:37,044 接口间数据传递 ERROR idcardNumbe
2020-12-22 17:05:37,044 接口间数据传递 ERROR 'idcardNumbe'
2020-12-22 17:05:38,314 接口测试 ERROR 返回结果错误！状态码不为2000
2020-12-22 17:05:38,314 接口测试 ERROR 该身份证已存在高血压档案
2020-12-22 17:05:39,261 接口测试 ERROR 返回结果错误！状态码不为2000
2020-12-22 17:05:39,261 接口测试 ERROR 该病人已存在糖尿病高危人群档案,不能新建档案
2020-12-22 17:05:40,242 接口测试 ERROR 返回结果错误！状态码不为2000
2020-12-22 17:05:40,242 接口测试 ERROR 该病人已存在高血压档案,不能建高血压高危人群档案
2020-12-22 17:05:41,266 接口测试 ERROR 返回结果错误！状态码不为2000
2020-12-22 17:05:41,266 接口测试 ERROR 该身份证已存在个人档案
2020-12-22 17:05:42,423 接口测试 ERROR 返回结果错误！状态码不为2000
2020-12-22 17:05:42,424 接口测试 ERROR 该身份证已存在个人档案
2020-12-22 17:05:44,436 接口测试 ERROR 返回结果错误！状态码不为2000
2020-12-22 17:05:44,436 接口测试 ERROR 该身份证已存在个人档案
2020-12-22 17:05:45,781 接口间数据传递 ERROR idcardNumbe
2020-12-22 17:05:45,781 接口间数据传递 ERROR 'idcardNumbe'
2020-12-22 17:05:47,070 接口测试 ERROR 返回结果错误！状态码不为2000
2020-12-22 17:05:47,070 接口测试 ERROR 该身份证已存在高血压档案
2020-12-22 17:05:47,950 接口测试 ERROR 返回结果错误！状态码不为2000
2020-12-22 17:05:47,950 接口测试 ERROR 该病人已存在糖尿病高危人群档案,不能新建档案
2020-12-22 17:05:48,857 接口测试 ERROR 返回结果错误！状态码不为2000
2020-12-22 17:05:48,857 接口测试 ERROR 该病人已存在高血压档案,不能建高血压高危人群档案
2020-12-22 17:05:49,828 接口测试 ERROR 返回结果错误！状态码不为2000
2020-12-22 17:05:49,828 接口测试 ERROR 该身份证已存在个人档案
2020-12-22 17:05:50,867 接口测试 ERROR 返回结果错误！状态码不为2000
2020-12-22 17:05:50,867 接口测试 ERROR 该身份证已存在个人档案
2020-12-22 17:05:51,781 接口测试 ERROR 返回结果错误！状态码不为2000
2020-12-22 17:05:51,781 接口测试 ERROR 该身份证已存在个人档案
2020-12-22 17:05:52,377 接口间数据传递 ERROR idcardNumbe
2020-12-22 17:05:52,377 接口间数据传递 ERROR 'idcardNumbe'
2020-12-22 17:05:53,657 接口测试 ERROR 返回结果错误！状态码不为2000
2020-12-22 17:05:53,657 接口测试 ERROR 该身份证已存在高血压档案
2020-12-22 17:05:54,562 接口测试 ERROR 返回结果错误！状态码不为2000
2020-12-22 17:05:54,562 接口测试 ERROR 该病人已存在糖尿病高危人群档案,不能新建档案
2020-12-22 17:05:55,567 接口测试 ERROR 返回结果错误！状态码不为2000
2020-12-22 17:05:55,567 接口测试 ERROR 该病人已存在高血压档案,不能建高血压高危人群档案
2020-12-22 17:05:57,164 结果比对失败： ERROR 字典长度不相等
2020-12-22 17:22:18,934 接口间数据传递 ERROR idcardNumbe
2020-12-22 17:22:18,934 接口间数据传递 ERROR 'idcardNumbe'
2020-12-22 17:22:23,804 接口测试 ERROR 返回结果错误！状态码不为2000
2020-12-22 17:22:23,804 接口测试 ERROR 该病人已存在高血压档案,不能建高血压高危人群档案
2020-12-22 17:22:24,762 接口测试 ERROR 返回结果错误！状态码不为2000
2020-12-22 17:22:24,762 接口测试 ERROR 该身份证已存在个人档案
2020-12-22 17:22:25,735 接口测试 ERROR 返回结果错误！状态码不为2000
2020-12-22 17:22:25,735 接口测试 ERROR 该身份证已存在个人档案
2020-12-22 17:22:26,627 接口测试 ERROR 返回结果错误！状态码不为2000
2020-12-22 17:22:26,627 接口测试 ERROR 该身份证已存在个人档案
2020-12-22 17:22:27,241 接口间数据传递 ERROR idcardNumbe
2020-12-22 17:22:27,242 接口间数据传递 ERROR 'idcardNumbe'
2020-12-22 17:22:28,434 接口测试 ERROR 返回结果错误！状态码不为2000
2020-12-22 17:22:28,434 接口测试 ERROR 该身份证已存在高血压档案
2020-12-22 17:22:29,464 接口测试 ERROR 返回结果错误！状态码不为2000
2020-12-22 17:22:29,464 接口测试 ERROR 该病人已存在糖尿病高危人群档案,不能新建档案
2020-12-22 17:22:30,408 接口测试 ERROR 返回结果错误！状态码不为2000
2020-12-22 17:22:30,408 接口测试 ERROR 该病人已存在高血压档案,不能建高血压高危人群档案
2020-12-22 17:22:31,373 接口测试 ERROR 返回结果错误！状态码不为2000
2020-12-22 17:22:31,373 接口测试 ERROR 该身份证已存在个人档案
2020-12-22 17:22:32,334 接口测试 ERROR 返回结果错误！状态码不为2000
2020-12-22 17:22:32,334 接口测试 ERROR 该身份证已存在个人档案
2020-12-22 17:22:33,223 接口测试 ERROR 返回结果错误！状态码不为2000
2020-12-22 17:22:33,223 接口测试 ERROR 该身份证已存在个人档案
2020-12-22 17:22:33,913 接口间数据传递 ERROR idcardNumbe
2020-12-22 17:22:33,913 接口间数据传递 ERROR 'idcardNumbe'
2020-12-22 17:22:35,212 接口测试 ERROR 返回结果错误！状态码不为2000
2020-12-22 17:22:35,212 接口测试 ERROR 该身份证已存在高血压档案
2020-12-22 17:22:36,082 接口测试 ERROR 返回结果错误！状态码不为2000
2020-12-22 17:22:36,082 接口测试 ERROR 该病人已存在糖尿病高危人群档案,不能新建档案
2020-12-22 17:22:36,968 接口测试 ERROR 返回结果错误！状态码不为2000
2020-12-22 17:22:36,968 接口测试 ERROR 该病人已存在高血压档案,不能建高血压高危人群档案
2020-12-22 17:22:38,030 接口测试 ERROR 返回结果错误！状态码不为2000
2020-12-22 17:22:38,030 接口测试 ERROR 该身份证已存在个人档案
2020-12-22 17:22:39,508 接口测试 ERROR 返回结果错误！状态码不为2000
2020-12-22 17:22:39,508 接口测试 ERROR 该身份证已存在个人档案
2020-12-22 17:22:41,215 接口测试 ERROR 返回结果错误！状态码不为2000
2020-12-22 17:22:41,215 接口测试 ERROR 该身份证已存在个人档案
2020-12-22 17:22:41,904 接口间数据传递 ERROR idcardNumbe
2020-12-22 17:22:41,904 接口间数据传递 ERROR 'idcardNumbe'
2020-12-22 17:22:43,137 接口测试 ERROR 返回结果错误！状态码不为2000
2020-12-22 17:22:43,137 接口测试 ERROR 该身份证已存在高血压档案
2020-12-22 17:22:44,042 接口测试 ERROR 返回结果错误！状态码不为2000
2020-12-22 17:22:44,042 接口测试 ERROR 该病人已存在糖尿病高危人群档案,不能新建档案
2020-12-22 17:22:44,956 接口测试 ERROR 返回结果错误！状态码不为2000
2020-12-22 17:22:44,956 接口测试 ERROR 该病人已存在高血压档案,不能建高血压高危人群档案
2020-12-22 17:22:45,966 接口测试 ERROR 返回结果错误！状态码不为2000
2020-12-22 17:22:45,966 接口测试 ERROR 该身份证已存在个人档案
2020-12-22 17:22:46,873 接口测试 ERROR 返回结果错误！状态码不为2000
2020-12-22 17:22:46,873 接口测试 ERROR 该身份证已存在个人档案
2020-12-22 17:22:47,768 接口测试 ERROR 返回结果错误！状态码不为2000
2020-12-22 17:22:47,768 接口测试 ERROR 该身份证已存在个人档案
2020-12-22 17:22:48,424 接口间数据传递 ERROR idcardNumbe
2020-12-22 17:22:48,424 接口间数据传递 ERROR 'idcardNumbe'
2020-12-22 17:22:49,857 接口测试 ERROR 返回结果错误！状态码不为2000
2020-12-22 17:22:49,857 接口测试 ERROR 该身份证已存在高血压档案
2020-12-22 17:22:50,753 接口测试 ERROR 返回结果错误！状态码不为2000
2020-12-22 17:22:50,753 接口测试 ERROR 该病人已存在糖尿病高危人群档案,不能新建档案
2020-12-22 17:22:51,783 接口测试 ERROR 返回结果错误！状态码不为2000
2020-12-22 17:22:51,784 接口测试 ERROR 该病人已存在高血压档案,不能建高血压高危人群档案
2020-12-22 17:22:52,679 接口测试 ERROR 返回结果错误！状态码不为2000
2020-12-22 17:22:52,679 接口测试 ERROR 该身份证已存在个人档案
2020-12-22 17:22:53,569 接口测试 ERROR 返回结果错误！状态码不为2000
2020-12-22 17:22:53,569 接口测试 ERROR 该身份证已存在个人档案
2020-12-22 17:22:54,649 接口测试 ERROR 返回结果错误！状态码不为2000
2020-12-22 17:22:54,649 接口测试 ERROR 该身份证已存在个人档案
2020-12-22 17:22:55,283 接口间数据传递 ERROR idcardNumbe
2020-12-22 17:22:55,283 接口间数据传递 ERROR 'idcardNumbe'
2020-12-22 17:22:56,608 接口测试 ERROR 返回结果错误！状态码不为2000
2020-12-22 17:22:56,608 接口测试 ERROR 该身份证已存在高血压档案
2020-12-22 17:22:57,545 接口测试 ERROR 返回结果错误！状态码不为2000
2020-12-22 17:22:57,545 接口测试 ERROR 该病人已存在糖尿病高危人群档案,不能新建档案
2020-12-22 17:22:58,495 接口测试 ERROR 返回结果错误！状态码不为2000
2020-12-22 17:22:58,496 接口测试 ERROR 该病人已存在高血压档案,不能建高血压高危人群档案
2020-12-22 17:23:00,138 结果比对失败： ERROR 字典长度不相等
2020-12-22 17:28:11,280 接口间数据传递 ERROR idcardNumbe
2020-12-22 17:28:11,280 接口间数据传递 ERROR 'idcardNumbe'
2020-12-22 17:28:15,755 接口测试 ERROR 返回结果错误！状态码不为2000
2020-12-22 17:28:15,755 接口测试 ERROR 该病人已存在高血压档案,不能建高血压高危人群档案
2020-12-22 17:28:16,892 接口测试 ERROR 返回结果错误！状态码不为2000
2020-12-22 17:28:16,892 接口测试 ERROR 该身份证已存在个人档案
2020-12-22 17:28:19,071 接口测试 ERROR 返回结果错误！状态码不为2000
2020-12-22 17:28:19,072 接口测试 ERROR 该身份证已存在个人档案
2020-12-22 17:28:20,467 接口测试 ERROR 返回结果错误！状态码不为2000
2020-12-22 17:28:20,467 接口测试 ERROR 该身份证已存在个人档案
2020-12-22 17:28:21,093 接口间数据传递 ERROR idcardNumbe
2020-12-22 17:28:21,093 接口间数据传递 ERROR 'idcardNumbe'
2020-12-22 17:28:22,398 接口测试 ERROR 返回结果错误！状态码不为2000
2020-12-22 17:28:22,398 接口测试 ERROR 该身份证已存在高血压档案
2020-12-22 17:28:23,394 接口测试 ERROR 返回结果错误！状态码不为2000
2020-12-22 17:28:23,394 接口测试 ERROR 该病人已存在糖尿病高危人群档案,不能新建档案
2020-12-22 17:28:24,293 接口测试 ERROR 返回结果错误！状态码不为2000
2020-12-22 17:28:24,293 接口测试 ERROR 该病人已存在高血压档案,不能建高血压高危人群档案
2020-12-22 17:28:25,204 接口测试 ERROR 返回结果错误！状态码不为2000
2020-12-22 17:28:25,204 接口测试 ERROR 该身份证已存在个人档案
2020-12-22 17:28:26,212 接口测试 ERROR 返回结果错误！状态码不为2000
2020-12-22 17:28:26,213 接口测试 ERROR 该身份证已存在个人档案
2020-12-22 17:28:27,125 接口测试 ERROR 返回结果错误！状态码不为2000
2020-12-22 17:28:27,125 接口测试 ERROR 该身份证已存在个人档案
2020-12-22 17:28:27,808 接口间数据传递 ERROR idcardNumbe
2020-12-22 17:28:27,808 接口间数据传递 ERROR 'idcardNumbe'
2020-12-22 17:28:29,047 接口测试 ERROR 返回结果错误！状态码不为2000
2020-12-22 17:28:29,048 接口测试 ERROR 该身份证已存在高血压档案
2020-12-22 17:28:30,088 接口测试 ERROR 返回结果错误！状态码不为2000
2020-12-22 17:28:30,088 接口测试 ERROR 该病人已存在糖尿病高危人群档案,不能新建档案
2020-12-22 17:28:31,014 接口测试 ERROR 返回结果错误！状态码不为2000
2020-12-22 17:28:31,014 接口测试 ERROR 该病人已存在高血压档案,不能建高血压高危人群档案
2020-12-22 17:28:31,875 接口测试 ERROR 返回结果错误！状态码不为2000
2020-12-22 17:28:31,875 接口测试 ERROR 该身份证已存在个人档案
2020-12-22 17:28:32,882 接口测试 ERROR 返回结果错误！状态码不为2000
2020-12-22 17:28:32,882 接口测试 ERROR 该身份证已存在个人档案
2020-12-22 17:28:33,768 接口测试 ERROR 返回结果错误！状态码不为2000
2020-12-22 17:28:33,769 接口测试 ERROR 该身份证已存在个人档案
2020-12-22 17:28:34,389 接口间数据传递 ERROR idcardNumbe
2020-12-22 17:28:34,389 接口间数据传递 ERROR 'idcardNumbe'
2020-12-22 17:28:35,736 接口测试 ERROR 返回结果错误！状态码不为2000
2020-12-22 17:28:35,736 接口测试 ERROR 该身份证已存在高血压档案
2020-12-22 17:28:36,840 接口测试 ERROR 返回结果错误！状态码不为2000
2020-12-22 17:28:36,840 接口测试 ERROR 该病人已存在糖尿病高危人群档案,不能新建档案
2020-12-22 17:28:37,706 接口测试 ERROR 返回结果错误！状态码不为2000
2020-12-22 17:28:37,706 接口测试 ERROR 该病人已存在高血压档案,不能建高血压高危人群档案
2020-12-22 17:28:38,787 接口测试 ERROR 返回结果错误！状态码不为2000
2020-12-22 17:28:38,787 接口测试 ERROR 该身份证已存在个人档案
2020-12-22 17:28:39,666 接口测试 ERROR 返回结果错误！状态码不为2000
2020-12-22 17:28:39,666 接口测试 ERROR 该身份证已存在个人档案
2020-12-22 17:28:40,594 接口测试 ERROR 返回结果错误！状态码不为2000
2020-12-22 17:28:40,594 接口测试 ERROR 该身份证已存在个人档案
2020-12-22 17:28:41,236 接口间数据传递 ERROR idcardNumbe
2020-12-22 17:28:41,236 接口间数据传递 ERROR 'idcardNumbe'
2020-12-22 17:28:42,566 接口测试 ERROR 返回结果错误！状态码不为2000
2020-12-22 17:28:42,566 接口测试 ERROR 该身份证已存在高血压档案
2020-12-22 17:28:43,566 接口测试 ERROR 返回结果错误！状态码不为2000
2020-12-22 17:28:43,566 接口测试 ERROR 该病人已存在糖尿病高危人群档案,不能新建档案
2020-12-22 17:28:44,546 接口测试 ERROR 返回结果错误！状态码不为2000
2020-12-22 17:28:44,546 接口测试 ERROR 该病人已存在高血压档案,不能建高血压高危人群档案
2020-12-22 17:28:45,505 接口测试 ERROR 返回结果错误！状态码不为2000
2020-12-22 17:28:45,506 接口测试 ERROR 该身份证已存在个人档案
2020-12-22 17:28:46,383 接口测试 ERROR 返回结果错误！状态码不为2000
2020-12-22 17:28:46,383 接口测试 ERROR 该身份证已存在个人档案
2020-12-22 17:28:47,378 接口测试 ERROR 返回结果错误！状态码不为2000
2020-12-22 17:28:47,378 接口测试 ERROR 该身份证已存在个人档案
2020-12-22 17:28:47,972 接口间数据传递 ERROR idcardNumbe
2020-12-22 17:28:47,972 接口间数据传递 ERROR 'idcardNumbe'
2020-12-22 17:28:49,429 接口测试 ERROR 返回结果错误！状态码不为2000
2020-12-22 17:28:49,429 接口测试 ERROR 该身份证已存在高血压档案
2020-12-22 17:28:50,335 接口测试 ERROR 返回结果错误！状态码不为2000
2020-12-22 17:28:50,336 接口测试 ERROR 该病人已存在糖尿病高危人群档案,不能新建档案
2020-12-22 17:28:51,317 接口测试 ERROR 返回结果错误！状态码不为2000
2020-12-22 17:28:51,317 接口测试 ERROR 该病人已存在高血压档案,不能建高血压高危人群档案
2020-12-22 17:28:52,899 结果比对失败： ERROR 字典长度不相等
2020-12-22 19:00:00,736 结果比对失败： ERROR 字典长度不相等
2020-12-22 19:25:26,105 结果比对失败： ERROR 字典长度不相等
2020-12-22 19:30:22,564 结果比对失败： ERROR 字典长度不相等
2020-12-22 19:38:34,807 结果比对失败： ERROR 字典长度不相等
2020-12-22 19:49:17,006 接口间数据传递 ERROR idcardNumbe
2020-12-22 19:49:17,006 接口间数据传递 ERROR 'idcardNumbe'
2020-12-22 19:49:21,837 接口测试 ERROR 返回结果错误！状态码不为2000
2020-12-22 19:49:21,838 接口测试 ERROR 该病人已存在高血压档案,不能建高血压高危人群档案
2020-12-22 19:49:23,428 结果比对失败： ERROR 字典长度不相等
2020-12-22 19:56:04,636 接口间数据传递 ERROR idcardNumbe
2020-12-22 19:56:04,636 接口间数据传递 ERROR 'idcardNumbe'
2020-12-22 19:56:09,329 接口测试 ERROR 返回结果错误！状态码不为2000
2020-12-22 19:56:09,329 接口测试 ERROR 该病人已存在高血压档案,不能建高血压高危人群档案
2020-12-22 19:56:10,703 结果比对失败： ERROR 字典长度不相等
