2020-10-07 08:42:01,761 接口测试 ERROR 返回结果错误！状态码不为2000
2020-10-07 08:42:02,063 结果比对失败： ERROR  {"docOrgName": "浙江大学医学院附属第一医院", "genderName": "女", "ageText": "20岁"} != {'docOrgName': '浙江大学医学院附属第一医院', 'genderName': '男', 'ageText': '20岁'}
2020-10-07 08:54:39,907 接口测试 ERROR 返回结果错误！状态码不为2000
2020-10-07 08:54:40,220 结果比对失败： ERROR  {"docOrgName": "浙江大学医学院附属第一医院", "genderName": "女", "ageText": "20岁"} != {'docOrgName': '浙江大学医学院附属第一医院', 'genderName': '男', 'ageText': '20岁'}
2020-10-07 09:37:18,081 接口测试 ERROR 返回结果错误！状态码不为2000
2020-10-07 09:37:18,093 接口测试 ERROR 系统异常，请联系管理员。
2020-10-07 09:37:18,421 结果比对失败： ERROR 键值对genderName  女 != 男
2020-10-07 10:23:20,819 接口测试 ERROR 返回结果错误！状态码不为2000
2020-10-07 10:23:20,820 接口测试 ERROR 系统异常，请联系管理员。
2020-10-07 10:23:37,164 接口测试 ERROR 返回结果错误！状态码不为2000
2020-10-07 10:23:37,164 接口测试 ERROR 系统异常，请联系管理员。
2020-10-07 15:46:36,452 接口测试 ERROR 返回结果错误！状态码不为2000
2020-10-07 15:46:36,453 接口测试 ERROR 系统异常，请联系管理员。
2020-10-07 15:49:53,316 接口测试 ERROR 返回结果错误！状态码不为2000
2020-10-07 15:49:53,316 接口测试 ERROR 系统异常，请联系管理员。
2020-10-07 15:50:23,037 接口测试 ERROR 返回结果错误！状态码不为2000
2020-10-07 15:50:23,037 接口测试 ERROR 系统异常，请联系管理员。
2020-10-07 16:01:58,214 接口测试 ERROR 返回结果错误！状态码不为2000
2020-10-07 16:01:58,214 接口测试 ERROR 系统异常，请联系管理员。
2020-10-07 16:02:00,060 接口测试 ERROR 返回结果错误！状态码不为2000
2020-10-07 16:02:00,061 接口测试 ERROR 系统异常，请联系管理员。
2020-10-07 16:02:35,420 接口测试 ERROR 返回结果错误！状态码不为2000
2020-10-07 16:02:35,420 接口测试 ERROR 系统异常，请联系管理员。
2020-10-07 16:02:37,178 接口测试 ERROR 返回结果错误！状态码不为2000
2020-10-07 16:02:37,178 接口测试 ERROR 系统异常，请联系管理员。
2020-10-07 16:04:00,339 接口测试 ERROR 返回结果错误！状态码不为2000
2020-10-07 16:04:00,339 接口测试 ERROR 系统异常，请联系管理员。
2020-10-07 16:04:02,167 接口测试 ERROR 返回结果错误！状态码不为2000
2020-10-07 16:04:02,167 接口测试 ERROR 系统异常，请联系管理员。
2020-10-07 16:04:36,853 接口测试 ERROR 返回结果错误！状态码不为2000
2020-10-07 16:04:36,853 接口测试 ERROR 系统异常，请联系管理员。
2020-10-07 16:04:38,583 接口测试 ERROR 返回结果错误！状态码不为2000
2020-10-07 16:04:38,583 接口测试 ERROR 系统异常，请联系管理员。
2020-10-07 16:05:25,451 接口测试 ERROR 返回结果错误！状态码不为2000
2020-10-07 16:05:25,452 接口测试 ERROR 系统异常，请联系管理员。
2020-10-07 16:05:27,242 接口测试 ERROR 返回结果错误！状态码不为2000
2020-10-07 16:05:27,242 接口测试 ERROR 系统异常，请联系管理员。
2020-10-07 16:06:12,815 接口测试 ERROR 返回结果错误！状态码不为2000
2020-10-07 16:06:12,815 接口测试 ERROR 系统异常，请联系管理员。
2020-10-07 16:06:14,427 接口测试 ERROR 返回结果错误！状态码不为2000
2020-10-07 16:06:14,427 接口测试 ERROR 系统异常，请联系管理员。
2020-10-07 16:06:14,551 接口测试 ERROR 返回结果错误！状态码不为2000
2020-10-07 16:06:14,551 接口测试 ERROR 禁止重复提交数据
2020-10-07 16:06:14,684 接口测试 ERROR 返回结果错误！状态码不为2000
2020-10-07 16:06:14,684 接口测试 ERROR 禁止重复提交数据
2020-10-07 16:06:14,808 接口测试 ERROR 返回结果错误！状态码不为2000
2020-10-07 16:06:14,808 接口测试 ERROR 禁止重复提交数据
2020-10-07 16:06:17,549 接口测试 ERROR 返回结果错误！状态码不为2000
2020-10-07 16:06:17,549 接口测试 ERROR 系统异常，请联系管理员。
2020-10-07 16:12:34,378 接口测试 ERROR 返回结果错误！状态码不为2000
2020-10-07 16:12:34,378 接口测试 ERROR 系统异常，请联系管理员。
2020-10-07 16:12:35,755 接口测试 ERROR 返回结果错误！状态码不为2000
2020-10-07 16:12:35,756 接口测试 ERROR 系统异常，请联系管理员。
2020-10-07 16:12:35,894 接口测试 ERROR 返回结果错误！状态码不为2000
2020-10-07 16:12:35,894 接口测试 ERROR 禁止重复提交数据
2020-10-07 16:12:36,023 接口测试 ERROR 返回结果错误！状态码不为2000
2020-10-07 16:12:36,024 接口测试 ERROR 禁止重复提交数据
2020-10-07 16:12:36,151 接口测试 ERROR 返回结果错误！状态码不为2000
2020-10-07 16:12:36,163 接口测试 ERROR 禁止重复提交数据
2020-10-07 16:12:38,978 接口测试 ERROR 返回结果错误！状态码不为2000
2020-10-07 16:12:38,979 接口测试 ERROR 系统异常，请联系管理员。
2020-10-07 16:40:29,839 接口测试 ERROR 返回结果错误！状态码不为2000
2020-10-07 16:40:29,839 接口测试 ERROR 系统异常，请联系管理员。
2020-10-07 16:40:31,758 接口测试 ERROR 返回结果错误！状态码不为2000
2020-10-07 16:40:31,758 接口测试 ERROR 系统异常，请联系管理员。
2020-10-07 16:41:02,612 接口测试 ERROR 返回结果错误！状态码不为2000
2020-10-07 16:41:02,612 接口测试 ERROR 系统异常，请联系管理员。
2020-10-07 16:41:04,380 接口测试 ERROR 返回结果错误！状态码不为2000
2020-10-07 16:41:04,381 接口测试 ERROR 系统异常，请联系管理员。
2020-10-07 16:45:02,830 接口测试 ERROR 返回结果错误！状态码不为2000
2020-10-07 16:45:02,830 接口测试 ERROR 系统异常，请联系管理员。
2020-10-07 16:45:04,596 接口测试 ERROR 返回结果错误！状态码不为2000
2020-10-07 16:45:04,597 接口测试 ERROR 系统异常，请联系管理员。
2020-10-07 22:49:32,662 接口测试 ERROR 返回结果错误！状态码不为2000
2020-10-07 22:49:32,662 接口测试 ERROR 系统异常，请联系管理员。
2020-10-07 22:49:35,495 接口测试 ERROR 返回结果错误！状态码不为2000
2020-10-07 22:49:35,495 接口测试 ERROR 系统异常，请联系管理员。
2020-10-07 22:52:32,598 接口测试 ERROR 返回结果错误！状态码不为2000
2020-10-07 22:52:32,599 接口测试 ERROR 系统异常，请联系管理员。
2020-10-07 22:52:34,022 接口测试 ERROR 返回结果错误！状态码不为2000
2020-10-07 22:52:34,022 接口测试 ERROR 系统异常，请联系管理员。
2020-10-07 22:52:34,148 接口测试 ERROR 返回结果错误！状态码不为2000
2020-10-07 22:52:34,148 接口测试 ERROR 禁止重复提交数据
2020-10-07 22:52:34,283 接口测试 ERROR 返回结果错误！状态码不为2000
2020-10-07 22:52:34,283 接口测试 ERROR 禁止重复提交数据
2020-10-07 22:52:34,414 接口测试 ERROR 返回结果错误！状态码不为2000
2020-10-07 22:52:34,415 接口测试 ERROR 禁止重复提交数据
2020-10-07 22:52:37,282 接口测试 ERROR 返回结果错误！状态码不为2000
2020-10-07 22:52:37,282 接口测试 ERROR 系统异常，请联系管理员。
2020-10-07 22:53:21,113 接口测试 ERROR 返回结果错误！状态码不为2000
2020-10-07 22:53:21,113 接口测试 ERROR 系统异常，请联系管理员。
2020-10-07 22:53:22,889 接口测试 ERROR 返回结果错误！状态码不为2000
2020-10-07 22:53:22,889 接口测试 ERROR 系统异常，请联系管理员。
2020-10-07 22:54:43,717 接口测试 ERROR 返回结果错误！状态码不为2000
2020-10-07 22:54:43,717 接口测试 ERROR 系统异常，请联系管理员。
2020-10-07 22:54:45,583 接口测试 ERROR 返回结果错误！状态码不为2000
2020-10-07 22:54:45,583 接口测试 ERROR 系统异常，请联系管理员。
2020-10-07 22:55:52,239 接口测试 ERROR 返回结果错误！状态码不为2000
2020-10-07 22:55:52,239 接口测试 ERROR 系统异常，请联系管理员。
2020-10-07 22:56:57,610 接口测试 ERROR 返回结果错误！状态码不为2000
2020-10-07 22:56:57,610 接口测试 ERROR 系统异常，请联系管理员。
2020-10-07 22:57:12,543 接口测试 ERROR 返回结果错误！状态码不为2000
2020-10-07 22:57:12,543 接口测试 ERROR 系统异常，请联系管理员。
2020-10-07 23:00:41,691 接口测试 ERROR 返回结果错误！状态码不为2000
2020-10-07 23:00:41,691 接口测试 ERROR 系统异常，请联系管理员。
2020-10-07 23:00:43,388 接口测试 ERROR 返回结果错误！状态码不为2000
2020-10-07 23:00:43,389 接口测试 ERROR 系统异常，请联系管理员。
2020-10-07 23:02:34,022 接口测试 ERROR 返回结果错误！状态码不为2000
2020-10-07 23:02:34,033 接口测试 ERROR 系统异常，请联系管理员。
2020-10-07 23:02:36,098 接口测试 ERROR 返回结果错误！状态码不为2000
2020-10-07 23:02:36,109 接口测试 ERROR 系统异常，请联系管理员。
2020-10-07 23:03:02,693 接口测试 ERROR 返回结果错误！状态码不为2000
2020-10-07 23:03:02,703 接口测试 ERROR 系统异常，请联系管理员。
2020-10-07 23:03:04,727 接口测试 ERROR 返回结果错误！状态码不为2000
2020-10-07 23:03:04,728 接口测试 ERROR 系统异常，请联系管理员。
2020-10-07 23:06:57,981 接口测试 ERROR 返回结果错误！状态码不为2000
2020-10-07 23:06:57,993 接口测试 ERROR 系统异常，请联系管理员。
2020-10-07 23:06:59,943 接口测试 ERROR 返回结果错误！状态码不为2000
2020-10-07 23:06:59,954 接口测试 ERROR 系统异常，请联系管理员。
2020-10-07 23:07:48,646 接口测试 ERROR 返回结果错误！状态码不为2000
2020-10-07 23:07:48,647 接口测试 ERROR 系统异常，请联系管理员。
2020-10-07 23:08:23,932 接口测试 ERROR 返回结果错误！状态码不为2000
2020-10-07 23:08:23,944 接口测试 ERROR 系统异常，请联系管理员。
2020-10-07 23:09:44,860 接口测试 ERROR 返回结果错误！状态码不为2000
2020-10-07 23:09:44,870 接口测试 ERROR 系统异常，请联系管理员。
2020-10-07 23:09:46,852 接口测试 ERROR 返回结果错误！状态码不为2000
2020-10-07 23:09:46,853 接口测试 ERROR 系统异常，请联系管理员。
2020-10-07 23:11:03,444 接口测试 ERROR 返回结果错误！状态码不为2000
2020-10-07 23:11:03,455 接口测试 ERROR 系统异常，请联系管理员。
2020-10-07 23:11:05,513 接口测试 ERROR 返回结果错误！状态码不为2000
2020-10-07 23:11:05,524 接口测试 ERROR 系统异常，请联系管理员。
2020-10-07 23:12:49,695 接口测试 ERROR 返回结果错误！状态码不为2000
2020-10-07 23:12:49,706 接口测试 ERROR 系统异常，请联系管理员。
2020-10-07 23:18:36,699 接口测试 ERROR 返回结果错误！状态码不为2000
2020-10-07 23:18:36,710 接口测试 ERROR 系统异常，请联系管理员。
2020-10-07 23:19:55,732 接口测试 ERROR 返回结果错误！状态码不为2000
2020-10-07 23:19:55,742 接口测试 ERROR 系统异常，请联系管理员。
2020-10-07 23:22:54,069 接口测试 ERROR 返回结果错误！状态码不为2000
2020-10-07 23:22:54,079 接口测试 ERROR 系统异常，请联系管理员。
2020-10-07 23:40:40,449 接口测试 ERROR 返回结果错误！状态码不为2000
2020-10-07 23:40:40,461 接口测试 ERROR 系统异常，请联系管理员。
2020-10-07 23:43:27,758 接口测试 ERROR 返回结果错误！状态码不为2000
2020-10-07 23:43:27,758 接口测试 ERROR 系统异常，请联系管理员。
2020-10-07 23:44:18,193 接口测试 ERROR 返回结果错误！状态码不为2000
2020-10-07 23:44:18,194 接口测试 ERROR 系统异常，请联系管理员。
2020-10-07 23:44:20,253 接口测试 ERROR 返回结果错误！状态码不为2000
2020-10-07 23:44:20,253 接口测试 ERROR 系统异常，请联系管理员。
2020-10-07 23:44:20,381 接口测试 ERROR 返回结果错误！状态码不为2000
2020-10-07 23:44:20,381 接口测试 ERROR 禁止重复提交数据
2020-10-07 23:44:20,500 接口测试 ERROR 返回结果错误！状态码不为2000
2020-10-07 23:44:20,500 接口测试 ERROR 禁止重复提交数据
2020-10-07 23:44:20,633 接口测试 ERROR 返回结果错误！状态码不为2000
2020-10-07 23:44:20,633 接口测试 ERROR 禁止重复提交数据
2020-10-07 23:48:04,580 接口测试 ERROR 返回结果错误！状态码不为2000
2020-10-07 23:48:04,580 接口测试 ERROR 系统异常，请联系管理员。
2020-10-07 23:50:10,356 接口测试 ERROR 返回结果错误！状态码不为2000
2020-10-07 23:50:10,356 接口测试 ERROR 系统异常，请联系管理员。
2020-10-07 23:50:23,214 接口测试 ERROR 返回结果错误！状态码不为2000
2020-10-07 23:50:23,214 接口测试 ERROR 系统异常，请联系管理员。
2020-10-07 23:50:24,544 接口测试 ERROR 返回结果错误！状态码不为2000
2020-10-07 23:50:24,544 接口测试 ERROR 系统异常，请联系管理员。
2020-10-07 23:50:24,666 接口测试 ERROR 返回结果错误！状态码不为2000
2020-10-07 23:50:24,667 接口测试 ERROR 禁止重复提交数据
2020-10-07 23:50:24,799 接口测试 ERROR 返回结果错误！状态码不为2000
2020-10-07 23:50:24,799 接口测试 ERROR 禁止重复提交数据
2020-10-07 23:50:24,927 接口测试 ERROR 返回结果错误！状态码不为2000
2020-10-07 23:50:24,928 接口测试 ERROR 禁止重复提交数据
