2021-02-07 10:12:36,683 接口测试 ERROR 返回结果错误！状态码不为2000
2021-02-07 10:12:36,695 接口测试 ERROR 没找到有效的个人档案信息，请核实
2021-02-07 10:12:38,049 接口测试 ERROR 返回结果错误！状态码不为2000
2021-02-07 10:12:38,049 接口测试 ERROR 没找到有效的个人档案信息，请核实
2021-02-07 10:12:38,229 接口测试 ERROR 返回结果错误！状态码不为2000
2021-02-07 10:12:38,229 接口测试 ERROR 禁止重复提交数据
2021-02-07 10:12:38,431 接口测试 ERROR 返回结果错误！状态码不为2000
2021-02-07 10:12:38,431 接口测试 ERROR 禁止重复提交数据
2021-02-07 10:12:39,697 接口间数据传递 ERROR $..idcardNumber
2021-02-07 10:12:39,697 接口间数据传递 ERROR 'bool' object is not subscriptable
2021-02-07 10:12:39,949 接口测试 ERROR 返回结果错误！状态码不为2000
2021-02-07 10:12:39,949 接口测试 ERROR 禁止重复提交数据
2021-02-07 10:12:40,134 接口测试 ERROR 返回结果错误！状态码不为2000
2021-02-07 10:12:40,134 接口测试 ERROR 禁止重复提交数据
2021-02-07 10:12:40,374 接口测试 ERROR 返回结果错误！状态码不为2000
2021-02-07 10:12:40,374 接口测试 ERROR 禁止重复提交数据
2021-02-07 10:12:40,919 接口间数据传递 ERROR idcardNumbe
2021-02-07 10:12:40,919 接口间数据传递 ERROR 'idcardNumbe'
2021-02-07 10:12:41,126 接口测试 ERROR 返回结果错误！状态码不为2000
2021-02-07 10:12:41,126 接口测试 ERROR 禁止重复提交数据
2021-02-07 10:12:41,405 接口测试 ERROR 返回结果错误！状态码不为2000
2021-02-07 10:12:41,405 接口测试 ERROR 禁止重复提交数据
2021-02-07 10:12:41,693 接口测试 ERROR 返回结果错误！状态码不为2000
2021-02-07 10:12:41,694 接口测试 ERROR 禁止重复提交数据
2021-02-07 10:12:44,432 接口测试 ERROR 返回结果错误！状态码不为2000
2021-02-07 10:12:44,432 接口测试 ERROR 禁止重复提交数据
2021-02-07 10:12:44,677 接口测试 ERROR 返回结果错误！状态码不为2000
2021-02-07 10:12:44,677 接口测试 ERROR 禁止重复提交数据
2021-02-07 10:12:45,161 接口测试 ERROR 返回结果错误！状态码不为2000
2021-02-07 10:12:45,162 接口测试 ERROR 禁止重复提交数据
2021-02-07 10:12:47,188 接口测试 ERROR 返回结果错误！状态码不为2000
2021-02-07 10:12:47,188 接口测试 ERROR 禁止重复提交数据
2021-02-07 10:12:47,405 接口测试 ERROR 返回结果错误！状态码不为2000
2021-02-07 10:12:47,405 接口测试 ERROR 禁止重复提交数据
2021-02-07 10:12:47,730 接口测试 ERROR 返回结果错误！状态码不为2000
2021-02-07 10:12:47,730 接口测试 ERROR 禁止重复提交数据
2021-02-07 10:20:51,826 结果比对失败： ERROR 字典长度不相等
2021-02-07 10:42:11,884 结果比对失败： ERROR 字典长度不相等
2021-02-07 10:44:56,894 结果比对失败： ERROR 字典长度不相等
2021-02-07 10:44:58,380 接口测试 ERROR 返回结果错误！状态码不为2000
2021-02-07 10:44:58,380 接口测试 ERROR 没找到有效的个人档案信息，请核实
2021-02-07 10:44:59,649 接口测试 ERROR 返回结果错误！状态码不为2000
2021-02-07 10:44:59,650 接口测试 ERROR 没找到有效的个人档案信息，请核实
2021-02-07 10:44:59,873 接口测试 ERROR 返回结果错误！状态码不为2000
2021-02-07 10:44:59,874 接口测试 ERROR 禁止重复提交数据
2021-02-07 10:45:00,131 接口测试 ERROR 返回结果错误！状态码不为2000
2021-02-07 10:45:00,131 接口测试 ERROR 禁止重复提交数据
2021-02-07 10:45:01,718 接口间数据传递 ERROR $..idcardNumber
2021-02-07 10:45:01,718 接口间数据传递 ERROR 'bool' object is not subscriptable
2021-02-07 10:45:02,057 接口测试 ERROR 返回结果错误！状态码不为2000
2021-02-07 10:45:02,058 接口测试 ERROR 禁止重复提交数据
2021-02-07 10:45:02,272 接口测试 ERROR 返回结果错误！状态码不为2000
2021-02-07 10:45:02,272 接口测试 ERROR 禁止重复提交数据
2021-02-07 10:45:02,689 接口测试 ERROR 返回结果错误！状态码不为2000
2021-02-07 10:45:02,689 接口测试 ERROR 禁止重复提交数据
2021-02-07 10:45:03,387 接口间数据传递 ERROR idcardNumbe
2021-02-07 10:45:03,387 接口间数据传递 ERROR 'idcardNumbe'
2021-02-07 10:45:03,710 接口测试 ERROR 返回结果错误！状态码不为2000
2021-02-07 10:45:03,710 接口测试 ERROR 禁止重复提交数据
2021-02-07 10:45:04,052 接口测试 ERROR 返回结果错误！状态码不为2000
2021-02-07 10:45:04,052 接口测试 ERROR 禁止重复提交数据
2021-02-07 10:45:04,327 接口测试 ERROR 返回结果错误！状态码不为2000
2021-02-07 10:45:04,327 接口测试 ERROR 禁止重复提交数据
2021-02-07 10:45:06,366 接口测试 ERROR 返回结果错误！状态码不为2000
2021-02-07 10:45:06,366 接口测试 ERROR 禁止重复提交数据
2021-02-07 10:45:06,625 接口测试 ERROR 返回结果错误！状态码不为2000
2021-02-07 10:45:06,626 接口测试 ERROR 禁止重复提交数据
2021-02-07 10:45:06,804 接口测试 ERROR 返回结果错误！状态码不为2000
2021-02-07 10:45:06,804 接口测试 ERROR 禁止重复提交数据
2021-02-07 10:45:08,777 接口测试 ERROR 返回结果错误！状态码不为2000
2021-02-07 10:45:08,777 接口测试 ERROR 禁止重复提交数据
2021-02-07 10:45:08,981 接口测试 ERROR 返回结果错误！状态码不为2000
2021-02-07 10:45:08,981 接口测试 ERROR 禁止重复提交数据
2021-02-07 10:45:09,177 接口测试 ERROR 返回结果错误！状态码不为2000
2021-02-07 10:45:09,177 接口测试 ERROR 禁止重复提交数据
2021-02-07 10:45:13,746 结果比对失败： ERROR 字典长度不相等
2021-02-07 10:48:52,900 接口测试 ERROR 返回结果错误！状态码不为2000
2021-02-07 10:48:52,900 接口测试 ERROR 没找到有效的个人档案信息，请核实
2021-02-07 10:48:54,226 接口测试 ERROR 返回结果错误！状态码不为2000
2021-02-07 10:48:54,226 接口测试 ERROR 没找到有效的个人档案信息，请核实
2021-02-07 10:50:27,844 接口测试 ERROR 返回结果错误！状态码不为2000
2021-02-07 10:50:27,844 接口测试 ERROR 没找到有效的个人档案信息，请核实
2021-02-07 10:50:29,296 接口测试 ERROR 返回结果错误！状态码不为2000
2021-02-07 10:50:29,296 接口测试 ERROR 没找到有效的个人档案信息，请核实
2021-02-07 11:36:24,977 接口测试 ERROR 返回结果错误！状态码不为2000
2021-02-07 11:36:24,978 接口测试 ERROR 没找到有效的个人档案信息，请核实
2021-02-07 11:36:26,351 接口测试 ERROR 返回结果错误！状态码不为2000
2021-02-07 11:36:26,352 接口测试 ERROR 没找到有效的个人档案信息，请核实
2021-02-07 14:01:31,270 结果比对失败： ERROR 字典长度不相等
2021-02-07 14:01:32,635 接口测试 ERROR 返回结果错误！状态码不为2000
2021-02-07 14:01:32,635 接口测试 ERROR 没找到有效的个人档案信息，请核实
2021-02-07 14:01:34,208 接口测试 ERROR 返回结果错误！状态码不为2000
2021-02-07 14:01:34,208 接口测试 ERROR 没找到有效的个人档案信息，请核实
2021-02-07 14:01:35,552 接口间数据传递 ERROR $..idcardNumber
2021-02-07 14:01:35,552 接口间数据传递 ERROR 'bool' object is not subscriptable
2021-02-07 14:01:36,084 接口间数据传递 ERROR idcardNumbe
2021-02-07 14:01:36,084 接口间数据传递 ERROR 'idcardNumbe'
2021-02-07 14:01:46,256 结果比对失败： ERROR 字典长度不相等
2021-02-07 14:19:52,769 接口间数据传递 ERROR $..idcardNumber
2021-02-07 14:19:52,769 接口间数据传递 ERROR 'bool' object is not subscriptable
2021-02-07 14:25:25,314 接口间数据传递 ERROR $..idcardNumber
2021-02-07 14:25:25,314 接口间数据传递 ERROR 'bool' object is not subscriptable
2021-02-07 14:30:52,754 接口间数据传递 ERROR $..idcardNumber
2021-02-07 14:30:52,754 接口间数据传递 ERROR 'bool' object is not subscriptable
2021-02-07 14:46:05,379 接口间数据传递 ERROR $..idcardNumber
2021-02-07 14:46:05,380 接口间数据传递 ERROR 'bool' object is not subscriptable
2021-02-07 14:47:40,780 接口间数据传递 ERROR $..idcardNumber
2021-02-07 14:47:40,781 接口间数据传递 ERROR 'bool' object is not subscriptable
2021-02-07 15:12:12,959 结果比对失败： ERROR 字典长度不相等
2021-02-07 15:12:14,681 接口测试 ERROR 返回结果错误！状态码不为2000
2021-02-07 15:12:14,681 接口测试 ERROR 没找到有效的个人档案信息，请核实
2021-02-07 15:12:16,370 接口测试 ERROR 返回结果错误！状态码不为2000
2021-02-07 15:12:16,370 接口测试 ERROR 没找到有效的个人档案信息，请核实
2021-02-07 15:12:17,828 接口间数据传递 ERROR $..idcardNumber
2021-02-07 15:12:17,828 接口间数据传递 ERROR 'bool' object is not subscriptable
2021-02-07 15:12:28,145 结果比对失败： ERROR 字典长度不相等
2021-02-07 16:32:58,830 接口间数据传递 ERROR idcardNumber
2021-02-07 16:32:58,831 接口间数据传递 ERROR 'generator' object is not subscriptable
2021-02-07 16:41:31,722 接口间数据传递 ERROR idcardNumber
2021-02-07 16:41:31,723 接口间数据传递 ERROR 'generator' object is not subscriptable
2021-02-07 16:42:07,388 接口间数据传递 ERROR idcardNumber
2021-02-07 16:42:07,389 接口间数据传递 ERROR 'generator' object is not subscriptable
2021-02-07 16:42:30,389 接口间数据传递 ERROR idcardNumber
2021-02-07 16:42:30,390 接口间数据传递 ERROR 'generator' object is not subscriptable
2021-02-07 16:44:33,408 接口间数据传递 ERROR idcardNumber
2021-02-07 16:44:33,408 接口间数据传递 ERROR 'generator' object is not subscriptable
2021-02-07 16:45:34,989 接口间数据传递 ERROR idcardNumber
2021-02-07 16:45:34,989 接口间数据传递 ERROR 'generator' object is not subscriptable
2021-02-07 16:46:14,665 接口间数据传递 ERROR idcardNumber
2021-02-07 16:46:14,665 接口间数据传递 ERROR 'generator' object is not subscriptable
2021-02-07 16:47:22,650 接口间数据传递 ERROR idcardNumber
2021-02-07 16:47:22,651 接口间数据传递 ERROR 'generator' object is not subscriptable
