2021-02-05 16:20:30,806 接口测试 ERROR 返回结果错误！状态码不为2000
2021-02-05 16:20:30,849 接口测试 ERROR 请输入姓名或者身份证号进行查询
2021-02-05 18:20:55,273 接口测试 ERROR 返回结果错误！状态码不为2000
2021-02-05 18:20:55,273 接口测试 ERROR 请输入姓名或者身份证号进行查询
2021-02-05 18:22:24,145 接口测试 ERROR 返回结果错误！状态码不为2000
2021-02-05 18:22:24,146 接口测试 ERROR 请输入姓名或者身份证号进行查询
2021-02-05 18:34:58,637 接口测试 ERROR 返回结果错误！状态码不为2000
2021-02-05 18:34:58,638 接口测试 ERROR 请输入姓名或者身份证号进行查询
2021-02-05 18:35:10,418 接口测试 ERROR 返回结果错误！状态码不为2000
2021-02-05 18:35:10,419 接口测试 ERROR 请输入姓名或者身份证号进行查询
2021-02-05 23:16:15,167 接口测试 ERROR 返回结果错误！状态码不为2000
2021-02-05 23:16:15,207 接口测试 ERROR 请输入姓名或者身份证号进行查询
2021-02-05 23:45:21,764 接口间数据传递 ERROR $..sortNum[0]
2021-02-05 23:45:21,764 接口间数据传递 ERROR 'bool' object is not subscriptable
2021-02-05 23:57:31,042 接口测试 ERROR 返回结果错误！状态码不为2000
2021-02-05 23:57:31,042 接口测试 ERROR 没找到有效的个人档案信息，请核实
2021-02-05 23:57:32,594 接口测试 ERROR 返回结果错误！状态码不为2000
2021-02-05 23:57:32,594 接口测试 ERROR 没找到有效的个人档案信息，请核实
2021-02-05 23:57:32,936 接口测试 ERROR 返回结果错误！状态码不为2000
2021-02-05 23:57:32,937 接口测试 ERROR 禁止重复提交数据
2021-02-05 23:57:33,263 接口测试 ERROR 返回结果错误！状态码不为2000
2021-02-05 23:57:33,266 接口测试 ERROR 禁止重复提交数据
2021-02-05 23:57:34,889 接口间数据传递 ERROR $..idcardNumber
2021-02-05 23:57:34,889 接口间数据传递 ERROR 'bool' object is not subscriptable
2021-02-05 23:57:35,237 接口测试 ERROR 返回结果错误！状态码不为2000
2021-02-05 23:57:35,237 接口测试 ERROR 禁止重复提交数据
2021-02-05 23:57:35,569 接口测试 ERROR 返回结果错误！状态码不为2000
2021-02-05 23:57:35,570 接口测试 ERROR 禁止重复提交数据
2021-02-05 23:57:35,842 接口测试 ERROR 返回结果错误！状态码不为2000
2021-02-05 23:57:35,842 接口测试 ERROR 禁止重复提交数据
2021-02-05 23:57:37,004 接口间数据传递 ERROR idcardNumbe
2021-02-05 23:57:37,004 接口间数据传递 ERROR 'idcardNumbe'
2021-02-05 23:57:37,332 接口测试 ERROR 返回结果错误！状态码不为2000
2021-02-05 23:57:37,333 接口测试 ERROR 禁止重复提交数据
2021-02-05 23:57:37,656 接口测试 ERROR 返回结果错误！状态码不为2000
2021-02-05 23:57:37,657 接口测试 ERROR 禁止重复提交数据
2021-02-05 23:57:37,977 接口测试 ERROR 返回结果错误！状态码不为2000
2021-02-05 23:57:37,980 接口测试 ERROR 禁止重复提交数据
2021-02-05 23:57:40,853 接口测试 ERROR 返回结果错误！状态码不为2000
2021-02-05 23:57:40,853 接口测试 ERROR 禁止重复提交数据
2021-02-05 23:57:41,179 接口测试 ERROR 返回结果错误！状态码不为2000
2021-02-05 23:57:41,179 接口测试 ERROR 禁止重复提交数据
2021-02-05 23:57:41,504 接口测试 ERROR 返回结果错误！状态码不为2000
2021-02-05 23:57:41,504 接口测试 ERROR 禁止重复提交数据
2021-02-05 23:57:44,092 接口测试 ERROR 返回结果错误！状态码不为2000
2021-02-05 23:57:44,092 接口测试 ERROR 禁止重复提交数据
2021-02-05 23:57:44,355 接口测试 ERROR 返回结果错误！状态码不为2000
2021-02-05 23:57:44,356 接口测试 ERROR 禁止重复提交数据
2021-02-05 23:57:44,671 接口测试 ERROR 返回结果错误！状态码不为2000
2021-02-05 23:57:44,672 接口测试 ERROR 禁止重复提交数据
