2021-01-28 10:16:51,222 接口测试 ERROR 返回结果错误！状态码不为2000
2021-01-28 10:16:51,234 接口测试 ERROR 没找到有效的个人档案信息，请核实
2021-01-28 10:16:52,760 接口测试 ERROR 返回结果错误！状态码不为2000
2021-01-28 10:16:52,761 接口测试 ERROR 没找到有效的个人档案信息，请核实
2021-01-28 10:16:54,173 接口间数据传递 ERROR $..idcardNumber
2021-01-28 10:16:54,174 接口间数据传递 ERROR 'bool' object is not subscriptable
2021-01-28 10:16:54,776 接口间数据传递 ERROR idcardNumbe
2021-01-28 10:16:54,776 接口间数据传递 ERROR 'idcardNumbe'
2021-01-28 10:16:57,896 接口测试 ERROR 返回结果错误！状态码不为2000
2021-01-28 10:16:57,896 接口测试 ERROR 该病人已存在高血压档案,不能建高血压高危人群档案
2021-01-28 10:16:58,813 结果比对失败： ERROR 字典长度不相等
2021-01-28 10:22:14,386 接口测试 ERROR 返回结果错误！状态码不为2000
2021-01-28 10:22:14,387 接口测试 ERROR 没找到有效的个人档案信息，请核实
2021-01-28 10:22:15,740 接口测试 ERROR 返回结果错误！状态码不为2000
2021-01-28 10:22:15,740 接口测试 ERROR 没找到有效的个人档案信息，请核实
2021-01-28 10:22:17,123 接口间数据传递 ERROR $..idcardNumber
2021-01-28 10:22:17,123 接口间数据传递 ERROR 'bool' object is not subscriptable
2021-01-28 10:22:17,722 接口间数据传递 ERROR idcardNumbe
2021-01-28 10:22:17,722 接口间数据传递 ERROR 'idcardNumbe'
2021-01-28 10:22:20,382 接口测试 ERROR 返回结果错误！状态码不为2000
2021-01-28 10:22:20,382 接口测试 ERROR 该病人已存在高血压档案,不能建高血压高危人群档案
2021-01-28 10:22:21,308 结果比对失败： ERROR 字典长度不相等
2021-01-28 19:23:05,231 【结果比对失败】 ERROR json1 或者 json2数据为空
2021-01-28 19:24:41,666 【结果比对失败】 ERROR json1 或者 json2数据为空
